<?xml version="1.0" encoding="UTF-8"?>
<coverage generated="1750182595259" clover="3.2.0">
  <project timestamp="1750182595259" name="All files">
    <metrics statements="38" coveredstatements="38" conditionals="34" coveredconditionals="34" methods="10" coveredmethods="10" elements="82" coveredelements="82" complexity="0" loc="38" ncloc="38" packages="1" files="3" classes="3"/>
    <file name="Heading.jsx" path="/Users/evan/coding playground/TabPanel Demo React/src/components/Heading.jsx">
      <metrics statements="4" coveredstatements="4" conditionals="6" coveredconditionals="6" methods="1" coveredmethods="1"/>
      <line num="12" count="2" type="cond" truecount="2" falsecount="0"/>
      <line num="13" count="22" type="stmt"/>
      <line num="16" count="22" type="cond" truecount="2" falsecount="0"/>
      <line num="21" count="22" type="stmt"/>
    </file>
    <file name="Paragraph.jsx" path="/Users/evan/coding playground/TabPanel Demo React/src/components/Paragraph.jsx">
      <metrics statements="2" coveredstatements="2" conditionals="1" coveredconditionals="1" methods="1" coveredmethods="1"/>
      <line num="9" count="2" type="cond" truecount="1" falsecount="0"/>
      <line num="10" count="19" type="stmt"/>
    </file>
    <file name="TabPanel.jsx" path="/Users/evan/coding playground/TabPanel Demo React/src/components/TabPanel.jsx">
      <metrics statements="32" coveredstatements="32" conditionals="27" coveredconditionals="27" methods="8" coveredmethods="8"/>
      <line num="20" count="1" type="cond" truecount="1" falsecount="0"/>
      <line num="22" count="19" type="cond" truecount="4" falsecount="0"/>
      <line num="23" count="1" type="stmt"/>
      <line num="30" count="18" type="cond" truecount="4" falsecount="0"/>
      <line num="33" count="18" type="stmt"/>
      <line num="34" count="18" type="stmt"/>
      <line num="36" count="18" type="stmt"/>
      <line num="37" count="18" type="stmt"/>
      <line num="41" count="18" type="stmt"/>
      <line num="42" count="12" type="cond" truecount="2" falsecount="0"/>
      <line num="44" count="8" type="cond" truecount="4" falsecount="0"/>
      <line num="46" count="3" type="stmt"/>
      <line num="47" count="3" type="cond" truecount="2" falsecount="0"/>
      <line num="48" count="3" type="stmt"/>
      <line num="50" count="3" type="stmt"/>
      <line num="51" count="3" type="cond" truecount="2" falsecount="0"/>
      <line num="52" count="3" type="stmt"/>
      <line num="54" count="1" type="stmt"/>
      <line num="55" count="1" type="stmt"/>
      <line num="56" count="1" type="stmt"/>
      <line num="58" count="1" type="stmt"/>
      <line num="59" count="1" type="stmt"/>
      <line num="60" count="1" type="stmt"/>
      <line num="62" count="8" type="stmt"/>
      <line num="66" count="18" type="stmt"/>
      <line num="75" count="48" type="stmt"/>
      <line num="76" count="48" type="stmt"/>
      <line num="79" count="96" type="stmt"/>
      <line num="91" count="1" type="stmt"/>
      <line num="92" count="12" type="stmt"/>
      <line num="111" count="48" type="cond" truecount="2" falsecount="0"/>
      <line num="132" count="1" type="stmt"/>
    </file>
  </project>
</coverage>
