<?xml version="1.0" encoding="UTF-8"?>
<coverage generated="1749686162969" clover="3.2.0">
  <project timestamp="1749686162969" name="All files">
    <metrics statements="13" coveredstatements="13" conditionals="16" coveredconditionals="15" methods="6" coveredmethods="6" elements="35" coveredelements="34" complexity="0" loc="13" ncloc="13" packages="1" files="3" classes="3"/>
    <file name="Heading.jsx" path="/Users/evan/coding playground/react_vite_playground/src/components/Heading.jsx">
      <metrics statements="4" coveredstatements="4" conditionals="6" coveredconditionals="5" methods="1" coveredmethods="1"/>
      <line num="12" count="2" type="cond" truecount="2" falsecount="0"/>
      <line num="13" count="6" type="stmt"/>
      <line num="16" count="6" type="cond" truecount="2" falsecount="0"/>
      <line num="21" count="6" type="stmt"/>
    </file>
    <file name="Paragraph.jsx" path="/Users/evan/coding playground/react_vite_playground/src/components/Paragraph.jsx">
      <metrics statements="2" coveredstatements="2" conditionals="1" coveredconditionals="1" methods="1" coveredmethods="1"/>
      <line num="9" count="2" type="cond" truecount="1" falsecount="0"/>
      <line num="10" count="5" type="stmt"/>
    </file>
    <file name="TabPanel.jsx" path="/Users/evan/coding playground/react_vite_playground/src/components/TabPanel.jsx">
      <metrics statements="7" coveredstatements="7" conditionals="9" coveredconditionals="9" methods="4" coveredmethods="4"/>
      <line num="19" count="1" type="cond" truecount="1" falsecount="0"/>
      <line num="21" count="4" type="stmt"/>
      <line num="24" count="4" type="stmt"/>
      <line num="33" count="8" type="stmt"/>
      <line num="34" count="8" type="stmt"/>
      <line num="48" count="1" type="stmt"/>
      <line num="67" count="8" type="cond" truecount="2" falsecount="0"/>
    </file>
  </project>
</coverage>
