{"/Users/evan/coding playground/TabPanel Demo React/src/components/Heading.jsx": {"path":"/Users/evan/coding playground/TabPanel Demo React/src/components/Heading.jsx","statementMap":{"0":{"start":{"line":12,"column":23},"end":{"line":22,"column":1}},"1":{"start":{"line":13,"column":16},"end":{"line":13,"column":27}},"2":{"start":{"line":16,"column":8},"end":{"line":20,"column":41}},"3":{"start":{"line":21,"column":4},"end":{"line":21,"column":88}}},"fnMap":{"0":{"name":"(anonymous_0)","decl":{"start":{"line":12,"column":23},"end":{"line":12,"column":24}},"loc":{"start":{"line":12,"column":68},"end":{"line":22,"column":1}},"line":12}},"branchMap":{"0":{"loc":{"start":{"line":12,"column":26},"end":{"line":12,"column":35}},"type":"default-arg","locations":[{"start":{"line":12,"column":34},"end":{"line":12,"column":35}}],"line":12},"1":{"loc":{"start":{"line":12,"column":47},"end":{"line":12,"column":61}},"type":"default-arg","locations":[{"start":{"line":12,"column":59},"end":{"line":12,"column":61}}],"line":12},"2":{"loc":{"start":{"line":16,"column":8},"end":{"line":20,"column":41}},"type":"cond-expr","locations":[{"start":{"line":17,"column":14},"end":{"line":17,"column":46}},{"start":{"line":18,"column":14},"end":{"line":20,"column":41}}],"line":16},"3":{"loc":{"start":{"line":18,"column":14},"end":{"line":20,"column":41}},"type":"cond-expr","locations":[{"start":{"line":19,"column":18},"end":{"line":19,"column":54}},{"start":{"line":20,"column":18},"end":{"line":20,"column":41}}],"line":18}},"s":{"0":2,"1":22,"2":22,"3":22},"f":{"0":22},"b":{"0":[1],"1":[4],"2":[1,21],"3":[19,2]},"_coverageSchema":"1a1c01bbd47fc00a2c39e90264f33305004495a9","hash":"4cc61b14b94ee69b7dd49e434493fe12f4cffdfc"}
,"/Users/evan/coding playground/TabPanel Demo React/src/components/Paragraph.jsx": {"path":"/Users/evan/coding playground/TabPanel Demo React/src/components/Paragraph.jsx","statementMap":{"0":{"start":{"line":9,"column":25},"end":{"line":11,"column":1}},"1":{"start":{"line":10,"column":1},"end":{"line":10,"column":75}}},"fnMap":{"0":{"name":"(anonymous_0)","decl":{"start":{"line":9,"column":25},"end":{"line":9,"column":26}},"loc":{"start":{"line":10,"column":1},"end":{"line":10,"column":75}},"line":10}},"branchMap":{"0":{"loc":{"start":{"line":9,"column":38},"end":{"line":9,"column":52}},"type":"default-arg","locations":[{"start":{"line":9,"column":50},"end":{"line":9,"column":52}}],"line":9}},"s":{"0":2,"1":19},"f":{"0":19},"b":{"0":[1]},"_coverageSchema":"1a1c01bbd47fc00a2c39e90264f33305004495a9","hash":"73817c37e14c5eb90d471ebd11d087a40e2ea01a"}
,"/Users/evan/coding playground/TabPanel Demo React/src/components/TabPanel.jsx": {"path":"/Users/evan/coding playground/TabPanel Demo React/src/components/TabPanel.jsx","statementMap":{"0":{"start":{"line":20,"column":26},"end":{"line":130,"column":1}},"1":{"start":{"line":22,"column":1},"end":{"line":28,"column":2}},"2":{"start":{"line":23,"column":2},"end":{"line":27,"column":4}},"3":{"start":{"line":30,"column":2},"end":{"line":30,"column":68}},"4":{"start":{"line":33,"column":33},"end":{"line":33,"column":52}},"5":{"start":{"line":34,"column":17},"end":{"line":34,"column":27}},"6":{"start":{"line":36,"column":1},"end":{"line":38,"column":16}},"7":{"start":{"line":37,"column":2},"end":{"line":37,"column":37}},"8":{"start":{"line":41,"column":23},"end":{"line":63,"column":2}},"9":{"start":{"line":42,"column":2},"end":{"line":42,"column":32}},"10":{"start":{"line":42,"column":25},"end":{"line":42,"column":32}},"11":{"start":{"line":44,"column":2},"end":{"line":61,"column":3}},"12":{"start":{"line":46,"column":4},"end":{"line":46,"column":23}},"13":{"start":{"line":47,"column":4},"end":{"line":47,"column":53}},"14":{"start":{"line":48,"column":4},"end":{"line":48,"column":10}},"15":{"start":{"line":50,"column":4},"end":{"line":50,"column":23}},"16":{"start":{"line":51,"column":4},"end":{"line":51,"column":53}},"17":{"start":{"line":52,"column":4},"end":{"line":52,"column":10}},"18":{"start":{"line":54,"column":4},"end":{"line":54,"column":23}},"19":{"start":{"line":55,"column":4},"end":{"line":55,"column":17}},"20":{"start":{"line":56,"column":4},"end":{"line":56,"column":10}},"21":{"start":{"line":58,"column":4},"end":{"line":58,"column":23}},"22":{"start":{"line":59,"column":4},"end":{"line":59,"column":31}},"23":{"start":{"line":60,"column":4},"end":{"line":60,"column":10}},"24":{"start":{"line":62,"column":2},"end":{"line":62,"column":24}},"25":{"start":{"line":66,"column":1},"end":{"line":129,"column":3}},"26":{"start":{"line":75,"column":23},"end":{"line":75,"column":39}},"27":{"start":{"line":76,"column":6},"end":{"line":103,"column":8}},"28":{"start":{"line":79,"column":23},"end":{"line":79,"column":48}},"29":{"start":{"line":91,"column":24},"end":{"line":91,"column":40}},"30":{"start":{"line":92,"column":27},"end":{"line":92,"column":48}},"31":{"start":{"line":111,"column":5},"end":{"line":125,"column":13}},"32":{"start":{"line":132,"column":24},"end":{"line":132,"column":53}}},"fnMap":{"0":{"name":"(anonymous_0)","decl":{"start":{"line":20,"column":26},"end":{"line":20,"column":27}},"loc":{"start":{"line":20,"column":58},"end":{"line":130,"column":1}},"line":20},"1":{"name":"(anonymous_1)","decl":{"start":{"line":36,"column":11},"end":{"line":36,"column":12}},"loc":{"start":{"line":36,"column":17},"end":{"line":38,"column":2}},"line":36},"2":{"name":"(anonymous_2)","decl":{"start":{"line":41,"column":23},"end":{"line":41,"column":24}},"loc":{"start":{"line":41,"column":35},"end":{"line":63,"column":2}},"line":41},"3":{"name":"(anonymous_3)","decl":{"start":{"line":74,"column":15},"end":{"line":74,"column":16}},"loc":{"start":{"line":74,"column":29},"end":{"line":104,"column":6}},"line":74},"4":{"name":"(anonymous_4)","decl":{"start":{"line":79,"column":14},"end":{"line":79,"column":15}},"loc":{"start":{"line":79,"column":23},"end":{"line":79,"column":48}},"line":79},"5":{"name":"(anonymous_5)","decl":{"start":{"line":91,"column":18},"end":{"line":91,"column":19}},"loc":{"start":{"line":91,"column":24},"end":{"line":91,"column":40}},"line":91},"6":{"name":"(anonymous_6)","decl":{"start":{"line":92,"column":20},"end":{"line":92,"column":21}},"loc":{"start":{"line":92,"column":27},"end":{"line":92,"column":48}},"line":92},"7":{"name":"(anonymous_7)","decl":{"start":{"line":110,"column":14},"end":{"line":110,"column":15}},"loc":{"start":{"line":111,"column":5},"end":{"line":125,"column":13}},"line":111}},"branchMap":{"0":{"loc":{"start":{"line":20,"column":35},"end":{"line":20,"column":51}},"type":"default-arg","locations":[{"start":{"line":20,"column":50},"end":{"line":20,"column":51}}],"line":20},"1":{"loc":{"start":{"line":22,"column":1},"end":{"line":28,"column":2}},"type":"if","locations":[{"start":{"line":22,"column":1},"end":{"line":28,"column":2}},{"start":{},"end":{}}],"line":22},"2":{"loc":{"start":{"line":22,"column":5},"end":{"line":22,"column":46}},"type":"binary-expr","locations":[{"start":{"line":22,"column":5},"end":{"line":22,"column":25}},{"start":{"line":22,"column":29},"end":{"line":22,"column":46}}],"line":22},"3":{"loc":{"start":{"line":30,"column":2},"end":{"line":30,"column":68}},"type":"cond-expr","locations":[{"start":{"line":30,"column":52},"end":{"line":30,"column":53}},{"start":{"line":30,"column":56},"end":{"line":30,"column":68}}],"line":30},"4":{"loc":{"start":{"line":30,"column":2},"end":{"line":30,"column":49}},"type":"binary-expr","locations":[{"start":{"line":30,"column":2},"end":{"line":30,"column":18}},{"start":{"line":30,"column":22},"end":{"line":30,"column":49}}],"line":30},"5":{"loc":{"start":{"line":42,"column":2},"end":{"line":42,"column":32}},"type":"if","locations":[{"start":{"line":42,"column":2},"end":{"line":42,"column":32}},{"start":{},"end":{}}],"line":42},"6":{"loc":{"start":{"line":44,"column":2},"end":{"line":61,"column":3}},"type":"switch","locations":[{"start":{"line":45,"column":3},"end":{"line":48,"column":10}},{"start":{"line":49,"column":3},"end":{"line":52,"column":10}},{"start":{"line":53,"column":3},"end":{"line":56,"column":10}},{"start":{"line":57,"column":3},"end":{"line":60,"column":10}}],"line":44},"7":{"loc":{"start":{"line":47,"column":15},"end":{"line":47,"column":52}},"type":"cond-expr","locations":[{"start":{"line":47,"column":41},"end":{"line":47,"column":42}},{"start":{"line":47,"column":45},"end":{"line":47,"column":52}}],"line":47},"8":{"loc":{"start":{"line":51,"column":15},"end":{"line":51,"column":52}},"type":"cond-expr","locations":[{"start":{"line":51,"column":27},"end":{"line":51,"column":42}},{"start":{"line":51,"column":45},"end":{"line":51,"column":52}}],"line":51},"9":{"loc":{"start":{"line":85,"column":19},"end":{"line":85,"column":36}},"type":"cond-expr","locations":[{"start":{"line":85,"column":30},"end":{"line":85,"column":31}},{"start":{"line":85,"column":34},"end":{"line":85,"column":36}}],"line":85},"10":{"loc":{"start":{"line":87,"column":10},"end":{"line":89,"column":42}},"type":"cond-expr","locations":[{"start":{"line":88,"column":13},"end":{"line":88,"column":40}},{"start":{"line":89,"column":13},"end":{"line":89,"column":42}}],"line":87},"11":{"loc":{"start":{"line":96,"column":9},"end":{"line":101,"column":9}},"type":"binary-expr","locations":[{"start":{"line":96,"column":9},"end":{"line":96,"column":30}},{"start":{"line":97,"column":9},"end":{"line":100,"column":11}}],"line":96},"12":{"loc":{"start":{"line":111,"column":5},"end":{"line":125,"column":13}},"type":"cond-expr","locations":[{"start":{"line":112,"column":6},"end":{"line":124,"column":12}},{"start":{"line":125,"column":9},"end":{"line":125,"column":13}}],"line":111}},"s":{"0":1,"1":19,"2":1,"3":18,"4":18,"5":18,"6":18,"7":18,"8":18,"9":12,"10":4,"11":8,"12":3,"13":3,"14":3,"15":3,"16":3,"17":3,"18":1,"19":1,"20":1,"21":1,"22":1,"23":1,"24":8,"25":18,"26":48,"27":48,"28":96,"29":1,"30":12,"31":48,"32":1},"f":{"0":19,"1":18,"2":12,"3":48,"4":96,"5":1,"6":12,"7":48},"b":{"0":[12],"1":[1,18],"2":[19,19],"3":[1,17],"4":[18,17],"5":[4,8],"6":[3,3,1,1],"7":[1,2],"8":[2,1],"9":[18,30],"10":[18,30],"11":[48,30],"12":[18,30]},"_coverageSchema":"1a1c01bbd47fc00a2c39e90264f33305004495a9","hash":"e8e5c70f2fda7d7c490fc06407389c724d0ae56c"}
}
