{"/Users/evan/coding playground/react_vite_playground/src/components/Heading.jsx": {"path":"/Users/evan/coding playground/react_vite_playground/src/components/Heading.jsx","statementMap":{"0":{"start":{"line":12,"column":23},"end":{"line":22,"column":1}},"1":{"start":{"line":13,"column":16},"end":{"line":13,"column":27}},"2":{"start":{"line":16,"column":8},"end":{"line":20,"column":41}},"3":{"start":{"line":21,"column":4},"end":{"line":21,"column":88}}},"fnMap":{"0":{"name":"(anonymous_0)","decl":{"start":{"line":12,"column":23},"end":{"line":12,"column":24}},"loc":{"start":{"line":12,"column":68},"end":{"line":22,"column":1}},"line":12}},"branchMap":{"0":{"loc":{"start":{"line":12,"column":26},"end":{"line":12,"column":35}},"type":"default-arg","locations":[{"start":{"line":12,"column":34},"end":{"line":12,"column":35}}],"line":12},"1":{"loc":{"start":{"line":12,"column":47},"end":{"line":12,"column":61}},"type":"default-arg","locations":[{"start":{"line":12,"column":59},"end":{"line":12,"column":61}}],"line":12},"2":{"loc":{"start":{"line":16,"column":8},"end":{"line":20,"column":41}},"type":"cond-expr","locations":[{"start":{"line":17,"column":14},"end":{"line":17,"column":46}},{"start":{"line":18,"column":14},"end":{"line":20,"column":41}}],"line":16},"3":{"loc":{"start":{"line":18,"column":14},"end":{"line":20,"column":41}},"type":"cond-expr","locations":[{"start":{"line":19,"column":18},"end":{"line":19,"column":54}},{"start":{"line":20,"column":18},"end":{"line":20,"column":41}}],"line":18}},"s":{"0":2,"1":6,"2":6,"3":6},"f":{"0":6},"b":{"0":[1],"1":[2],"2":[1,5],"3":[5,0]},"_coverageSchema":"1a1c01bbd47fc00a2c39e90264f33305004495a9","hash":"dcfd97825e96a77c6ebf014d8350a1eb81c7b5d3"}
,"/Users/evan/coding playground/react_vite_playground/src/components/Paragraph.jsx": {"path":"/Users/evan/coding playground/react_vite_playground/src/components/Paragraph.jsx","statementMap":{"0":{"start":{"line":9,"column":25},"end":{"line":11,"column":1}},"1":{"start":{"line":10,"column":1},"end":{"line":10,"column":75}}},"fnMap":{"0":{"name":"(anonymous_0)","decl":{"start":{"line":9,"column":25},"end":{"line":9,"column":26}},"loc":{"start":{"line":10,"column":1},"end":{"line":10,"column":75}},"line":10}},"branchMap":{"0":{"loc":{"start":{"line":9,"column":38},"end":{"line":9,"column":52}},"type":"default-arg","locations":[{"start":{"line":9,"column":50},"end":{"line":9,"column":52}}],"line":9}},"s":{"0":2,"1":5},"f":{"0":5},"b":{"0":[1]},"_coverageSchema":"1a1c01bbd47fc00a2c39e90264f33305004495a9","hash":"724ce409d4cd49d46eb1642b625c11bcc0c35779"}
,"/Users/evan/coding playground/react_vite_playground/src/components/TabPanel.jsx": {"path":"/Users/evan/coding playground/react_vite_playground/src/components/TabPanel.jsx","statementMap":{"0":{"start":{"line":19,"column":24},"end":{"line":86,"column":1}},"1":{"start":{"line":21,"column":33},"end":{"line":21,"column":55}},"2":{"start":{"line":24,"column":1},"end":{"line":85,"column":3}},"3":{"start":{"line":33,"column":23},"end":{"line":33,"column":39}},"4":{"start":{"line":34,"column":6},"end":{"line":59,"column":8}},"5":{"start":{"line":48,"column":24},"end":{"line":48,"column":40}},"6":{"start":{"line":67,"column":5},"end":{"line":81,"column":13}}},"fnMap":{"0":{"name":"(anonymous_0)","decl":{"start":{"line":19,"column":24},"end":{"line":19,"column":25}},"loc":{"start":{"line":19,"column":56},"end":{"line":86,"column":1}},"line":19},"1":{"name":"(anonymous_1)","decl":{"start":{"line":32,"column":15},"end":{"line":32,"column":16}},"loc":{"start":{"line":32,"column":29},"end":{"line":60,"column":6}},"line":32},"2":{"name":"(anonymous_2)","decl":{"start":{"line":48,"column":18},"end":{"line":48,"column":19}},"loc":{"start":{"line":48,"column":24},"end":{"line":48,"column":40}},"line":48},"3":{"name":"(anonymous_3)","decl":{"start":{"line":66,"column":14},"end":{"line":66,"column":15}},"loc":{"start":{"line":67,"column":5},"end":{"line":81,"column":13}},"line":67}},"branchMap":{"0":{"loc":{"start":{"line":19,"column":33},"end":{"line":19,"column":49}},"type":"default-arg","locations":[{"start":{"line":19,"column":48},"end":{"line":19,"column":49}}],"line":19},"1":{"loc":{"start":{"line":42,"column":19},"end":{"line":42,"column":36}},"type":"cond-expr","locations":[{"start":{"line":42,"column":30},"end":{"line":42,"column":31}},{"start":{"line":42,"column":34},"end":{"line":42,"column":36}}],"line":42},"2":{"loc":{"start":{"line":44,"column":10},"end":{"line":46,"column":48}},"type":"cond-expr","locations":[{"start":{"line":45,"column":13},"end":{"line":45,"column":66}},{"start":{"line":46,"column":13},"end":{"line":46,"column":48}}],"line":44},"3":{"loc":{"start":{"line":52,"column":9},"end":{"line":57,"column":9}},"type":"binary-expr","locations":[{"start":{"line":52,"column":9},"end":{"line":52,"column":30}},{"start":{"line":53,"column":9},"end":{"line":56,"column":11}}],"line":52},"4":{"loc":{"start":{"line":67,"column":5},"end":{"line":81,"column":13}},"type":"cond-expr","locations":[{"start":{"line":68,"column":6},"end":{"line":80,"column":12}},{"start":{"line":81,"column":9},"end":{"line":81,"column":13}}],"line":67}},"s":{"0":1,"1":4,"2":4,"3":8,"4":8,"5":1,"6":8},"f":{"0":4,"1":8,"2":1,"3":8},"b":{"0":[3],"1":[4,4],"2":[4,4],"3":[8,4],"4":[4,4]},"_coverageSchema":"1a1c01bbd47fc00a2c39e90264f33305004495a9","hash":"01698f685153337a1315b73dcf61b39360c82cab"}
}
