TN:
SF:src/components/Heading.jsx
FN:12,(anonymous_0)
FNF:1
FNH:1
FNDA:22,(anonymous_0)
DA:12,2
DA:13,22
DA:16,22
DA:21,22
LF:4
LH:4
BRDA:12,0,0,1
BRDA:12,1,0,4
BRDA:16,2,0,1
BRDA:16,2,1,21
BRDA:18,3,0,19
BRDA:18,3,1,2
BRF:6
BRH:6
end_of_record
TN:
SF:src/components/Paragraph.jsx
FN:9,(anonymous_0)
FNF:1
FNH:1
FNDA:19,(anonymous_0)
DA:9,2
DA:10,19
LF:2
LH:2
BRDA:9,0,0,1
BRF:1
BRH:1
end_of_record
TN:
SF:src/components/TabPanel.jsx
FN:20,(anonymous_0)
FN:36,(anonymous_1)
FN:41,(anonymous_2)
FN:74,(anonymous_3)
FN:79,(anonymous_4)
FN:91,(anonymous_5)
FN:92,(anonymous_6)
FN:110,(anonymous_7)
FNF:8
FNH:8
FNDA:19,(anonymous_0)
FNDA:18,(anonymous_1)
FNDA:12,(anonymous_2)
FNDA:48,(anonymous_3)
FNDA:96,(anonymous_4)
FNDA:1,(anonymous_5)
FNDA:12,(anonymous_6)
FNDA:48,(anonymous_7)
DA:20,1
DA:22,19
DA:23,1
DA:30,18
DA:33,18
DA:34,18
DA:36,18
DA:37,18
DA:41,18
DA:42,12
DA:44,8
DA:46,3
DA:47,3
DA:48,3
DA:50,3
DA:51,3
DA:52,3
DA:54,1
DA:55,1
DA:56,1
DA:58,1
DA:59,1
DA:60,1
DA:62,8
DA:66,18
DA:75,48
DA:76,48
DA:79,96
DA:91,1
DA:92,12
DA:111,48
DA:132,1
LF:32
LH:32
BRDA:20,0,0,12
BRDA:22,1,0,1
BRDA:22,1,1,18
BRDA:22,2,0,19
BRDA:22,2,1,19
BRDA:30,3,0,1
BRDA:30,3,1,17
BRDA:30,4,0,18
BRDA:30,4,1,17
BRDA:42,5,0,4
BRDA:42,5,1,8
BRDA:44,6,0,3
BRDA:44,6,1,3
BRDA:44,6,2,1
BRDA:44,6,3,1
BRDA:47,7,0,1
BRDA:47,7,1,2
BRDA:51,8,0,2
BRDA:51,8,1,1
BRDA:85,9,0,18
BRDA:85,9,1,30
BRDA:87,10,0,18
BRDA:87,10,1,30
BRDA:96,11,0,48
BRDA:96,11,1,30
BRDA:111,12,0,18
BRDA:111,12,1,30
BRF:27
BRH:27
end_of_record
