TN:
SF:src/components/Heading.jsx
FN:12,(anonymous_0)
FNF:1
FNH:1
FNDA:6,(anonymous_0)
DA:12,2
DA:13,6
DA:16,6
DA:21,6
LF:4
LH:4
BRDA:12,0,0,1
BRDA:12,1,0,2
BRDA:16,2,0,1
BRDA:16,2,1,5
BRDA:18,3,0,5
BRDA:18,3,1,0
BRF:6
BRH:5
end_of_record
TN:
SF:src/components/Paragraph.jsx
FN:9,(anonymous_0)
FNF:1
FNH:1
FNDA:5,(anonymous_0)
DA:9,2
DA:10,5
LF:2
LH:2
BRDA:9,0,0,1
BRF:1
BRH:1
end_of_record
TN:
SF:src/components/TabPanel.jsx
FN:19,(anonymous_0)
FN:32,(anonymous_1)
FN:48,(anonymous_2)
FN:66,(anonymous_3)
FNF:4
FNH:4
FNDA:4,(anonymous_0)
FNDA:8,(anonymous_1)
FNDA:1,(anonymous_2)
FNDA:8,(anonymous_3)
DA:19,1
DA:21,4
DA:24,4
DA:33,8
DA:34,8
DA:48,1
DA:67,8
LF:7
LH:7
BRDA:19,0,0,3
BRDA:42,1,0,4
BRDA:42,1,1,4
BRDA:44,2,0,4
BRDA:44,2,1,4
BRDA:52,3,0,8
BRDA:52,3,1,4
BRDA:67,4,0,4
BRDA:67,4,1,4
BRF:9
BRH:9
end_of_record
